[2024-09-26T23:01:15.227] [DEBUG] debug-file - env: nodejsVersion=v18.20.1
[2024-09-26T23:01:15.241] [DEBUG] debug-file - env: daemon=true
[2024-09-26T23:01:15.228] [DEBUG] debug-file - env: hvigor-config.json5 content = {
  modelVersion: '5.0.0',
  dependencies: {},
  execution: {},
  logging: {},
  debugging: {},
  nodeOptions: {}
}
[2024-09-26T23:01:17.187] [DEBUG] debug-file - Do not need strip, copying .so files to stripped_native_libs
[2024-09-26T23:01:20.298] [INFO] debug-file - [33mWARN: [33mArkTS:WARN File: /Users/jcmac/Desktop/workSpace/HarmonyOSProject/entry/src/main/ets/pages/First.ets:62:12
 The current component id "NextId" is duplicate with /Users/jcmac/Desktop/workSpace/HarmonyOSProject/entry/src/main/ets/pages/First.ets:34:12.[39m
[33mWARN: [33mArkTS:WARN File: /Users/jcmac/Desktop/workSpace/HarmonyOSProject/entry/src/main/ets/pages/ToDoListPage.ets:35:9
 Property 'content' is private and can not be initialized through the component constructor.[39m
[33mWARN: [33mArkTS:WARN File: /Users/jcmac/Desktop/workSpace/HarmonyOSProject/entry/src/main/ets/View/Banner.ets:24:1
 It's not a recommended way to export struct with @Entry decorator, which may cause ACE Engine error in component preview mode.[39m

[2024-09-26T23:01:20.298] [DEBUG] debug-file - Ark compile task finished.finished time is 19287289442916
[2024-09-26T23:01:20.310] [DEBUG] debug-file - current process  memoryUsage: {
  rss: 803405824,
  heapTotal: 73924608,
  heapUsed: 51534368,
  external: 2765739,
  arrayBuffers: 792802
} os memoryUsage :15.809295654296875
